  Player.cpp
D:\YeonSungRok\SGA서울게임아카데미\2024_5_30_Unreal_YSR\SGA_0701\WINAPI_Algorithm\WINAPI_Algorithm\Objects\Maze\Player.cpp(79,30): warning C4244: '인수': 'float'에서 'int'(으)로 변환하면서 데이터가 손실될 수 있습니다.
  (소스 파일 '/Objects/Maze/Player.cpp'을(를) 컴파일하는 중)
  
D:\YeonSungRok\SGA서울게임아카데미\2024_5_30_Unreal_YSR\SGA_0701\WINAPI_Algorithm\WINAPI_Algorithm\Objects\Maze\Player.cpp(79,19): warning C4244: '인수': 'float'에서 'int'(으)로 변환하면서 데이터가 손실될 수 있습니다.
  (소스 파일 '/Objects/Maze/Player.cpp'을(를) 컴파일하는 중)
  
D:\YeonSungRok\SGA서울게임아카데미\2024_5_30_Unreal_YSR\SGA_0701\WINAPI_Algorithm\WINAPI_Algorithm\Objects\Maze\Player.cpp(86,35): warning C4244: '인수': 'float'에서 'int'(으)로 변환하면서 데이터가 손실될 수 있습니다.
  (소스 파일 '/Objects/Maze/Player.cpp'을(를) 컴파일하는 중)
  
D:\YeonSungRok\SGA서울게임아카데미\2024_5_30_Unreal_YSR\SGA_0701\WINAPI_Algorithm\WINAPI_Algorithm\Objects\Maze\Player.cpp(86,24): warning C4244: '인수': 'float'에서 'int'(으)로 변환하면서 데이터가 손실될 수 있습니다.
  (소스 파일 '/Objects/Maze/Player.cpp'을(를) 컴파일하는 중)
  
D:\YeonSungRok\SGA서울게임아카데미\2024_5_30_Unreal_YSR\SGA_0701\WINAPI_Algorithm\WINAPI_Algorithm\Objects\Maze\Player.cpp(148,14): warning C4244: '인수': 'float'에서 'const unsigned __int64'(으)로 변환하면서 데이터가 손실될 수 있습니다.
  (소스 파일 '/Objects/Maze/Player.cpp'을(를) 컴파일하는 중)
  
D:\YeonSungRok\SGA서울게임아카데미\2024_5_30_Unreal_YSR\SGA_0701\WINAPI_Algorithm\WINAPI_Algorithm\Objects\Maze\Player.cpp(148,23): warning C4244: '인수': 'float'에서 'unsigned __int64'(으)로 변환하면서 데이터가 손실될 수 있습니다.
  (소스 파일 '/Objects/Maze/Player.cpp'을(를) 컴파일하는 중)
  
D:\YeonSungRok\SGA서울게임아카데미\2024_5_30_Unreal_YSR\SGA_0701\WINAPI_Algorithm\WINAPI_Algorithm\Objects\Maze\Player.cpp(154,29): warning C4244: '인수': 'float'에서 'int'(으)로 변환하면서 데이터가 손실될 수 있습니다.
  (소스 파일 '/Objects/Maze/Player.cpp'을(를) 컴파일하는 중)
  
D:\YeonSungRok\SGA서울게임아카데미\2024_5_30_Unreal_YSR\SGA_0701\WINAPI_Algorithm\WINAPI_Algorithm\Objects\Maze\Player.cpp(154,19): warning C4244: '인수': 'float'에서 'int'(으)로 변환하면서 데이터가 손실될 수 있습니다.
  (소스 파일 '/Objects/Maze/Player.cpp'을(를) 컴파일하는 중)
  
D:\YeonSungRok\SGA서울게임아카데미\2024_5_30_Unreal_YSR\SGA_0701\WINAPI_Algorithm\WINAPI_Algorithm\Objects\Maze\Player.cpp(156,20): warning C4244: '인수': 'float'에서 'const unsigned __int64'(으)로 변환하면서 데이터가 손실될 수 있습니다.
  (소스 파일 '/Objects/Maze/Player.cpp'을(를) 컴파일하는 중)
  
D:\YeonSungRok\SGA서울게임아카데미\2024_5_30_Unreal_YSR\SGA_0701\WINAPI_Algorithm\WINAPI_Algorithm\Objects\Maze\Player.cpp(156,30): warning C4244: '인수': 'float'에서 'unsigned __int64'(으)로 변환하면서 데이터가 손실될 수 있습니다.
  (소스 파일 '/Objects/Maze/Player.cpp'을(를) 컴파일하는 중)
  
D:\YeonSungRok\SGA서울게임아카데미\2024_5_30_Unreal_YSR\SGA_0701\WINAPI_Algorithm\WINAPI_Algorithm\Objects\Maze\Player.cpp(192,18): warning C4244: '인수': 'float'에서 'const unsigned __int64'(으)로 변환하면서 데이터가 손실될 수 있습니다.
  (소스 파일 '/Objects/Maze/Player.cpp'을(를) 컴파일하는 중)
  
D:\YeonSungRok\SGA서울게임아카데미\2024_5_30_Unreal_YSR\SGA_0701\WINAPI_Algorithm\WINAPI_Algorithm\Objects\Maze\Player.cpp(192,28): warning C4244: '인수': 'float'에서 'unsigned __int64'(으)로 변환하면서 데이터가 손실될 수 있습니다.
  (소스 파일 '/Objects/Maze/Player.cpp'을(를) 컴파일하는 중)
  
D:\YeonSungRok\SGA서울게임아카데미\2024_5_30_Unreal_YSR\SGA_0701\WINAPI_Algorithm\WINAPI_Algorithm\Objects\Maze\Player.cpp(193,14): warning C4244: '인수': 'float'에서 'const unsigned __int64'(으)로 변환하면서 데이터가 손실될 수 있습니다.
  (소스 파일 '/Objects/Maze/Player.cpp'을(를) 컴파일하는 중)
  
D:\YeonSungRok\SGA서울게임아카데미\2024_5_30_Unreal_YSR\SGA_0701\WINAPI_Algorithm\WINAPI_Algorithm\Objects\Maze\Player.cpp(193,24): warning C4244: '인수': 'float'에서 'const unsigned __int64'(으)로 변환하면서 데이터가 손실될 수 있습니다.
  (소스 파일 '/Objects/Maze/Player.cpp'을(를) 컴파일하는 중)
  
D:\YeonSungRok\SGA서울게임아카데미\2024_5_30_Unreal_YSR\SGA_0701\WINAPI_Algorithm\WINAPI_Algorithm\Objects\Maze\Player.cpp(215,30): warning C4244: '인수': 'float'에서 'int'(으)로 변환하면서 데이터가 손실될 수 있습니다.
  (소스 파일 '/Objects/Maze/Player.cpp'을(를) 컴파일하는 중)
  
D:\YeonSungRok\SGA서울게임아카데미\2024_5_30_Unreal_YSR\SGA_0701\WINAPI_Algorithm\WINAPI_Algorithm\Objects\Maze\Player.cpp(215,20): warning C4244: '인수': 'float'에서 'int'(으)로 변환하면서 데이터가 손실될 수 있습니다.
  (소스 파일 '/Objects/Maze/Player.cpp'을(를) 컴파일하는 중)
  
D:\YeonSungRok\SGA서울게임아카데미\2024_5_30_Unreal_YSR\SGA_0701\WINAPI_Algorithm\WINAPI_Algorithm\Objects\Maze\Player.cpp(218,24): warning C4244: '인수': 'float'에서 'const unsigned __int64'(으)로 변환하면서 데이터가 손실될 수 있습니다.
  (소스 파일 '/Objects/Maze/Player.cpp'을(를) 컴파일하는 중)
  
D:\YeonSungRok\SGA서울게임아카데미\2024_5_30_Unreal_YSR\SGA_0701\WINAPI_Algorithm\WINAPI_Algorithm\Objects\Maze\Player.cpp(218,34): warning C4244: '인수': 'float'에서 'unsigned __int64'(으)로 변환하면서 데이터가 손실될 수 있습니다.
  (소스 파일 '/Objects/Maze/Player.cpp'을(를) 컴파일하는 중)
  
D:\YeonSungRok\SGA서울게임아카데미\2024_5_30_Unreal_YSR\SGA_0701\WINAPI_Algorithm\WINAPI_Algorithm\Objects\Maze\Player.cpp(222,20): warning C4244: '인수': 'float'에서 'const unsigned __int64'(으)로 변환하면서 데이터가 손실될 수 있습니다.
  (소스 파일 '/Objects/Maze/Player.cpp'을(를) 컴파일하는 중)
  
D:\YeonSungRok\SGA서울게임아카데미\2024_5_30_Unreal_YSR\SGA_0701\WINAPI_Algorithm\WINAPI_Algorithm\Objects\Maze\Player.cpp(222,30): warning C4244: '인수': 'float'에서 'unsigned __int64'(으)로 변환하면서 데이터가 손실될 수 있습니다.
  (소스 파일 '/Objects/Maze/Player.cpp'을(를) 컴파일하는 중)
  
D:\YeonSungRok\SGA서울게임아카데미\2024_5_30_Unreal_YSR\SGA_0701\WINAPI_Algorithm\WINAPI_Algorithm\Objects\Maze\Player.cpp(223,16): warning C4244: '인수': 'float'에서 'const unsigned __int64'(으)로 변환하면서 데이터가 손실될 수 있습니다.
  (소스 파일 '/Objects/Maze/Player.cpp'을(를) 컴파일하는 중)
  
D:\YeonSungRok\SGA서울게임아카데미\2024_5_30_Unreal_YSR\SGA_0701\WINAPI_Algorithm\WINAPI_Algorithm\Objects\Maze\Player.cpp(223,26): warning C4244: '인수': 'float'에서 'const unsigned __int64'(으)로 변환하면서 데이터가 손실될 수 있습니다.
  (소스 파일 '/Objects/Maze/Player.cpp'을(를) 컴파일하는 중)
  
D:\YeonSungRok\SGA서울게임아카데미\2024_5_30_Unreal_YSR\SGA_0701\WINAPI_Algorithm\WINAPI_Algorithm\Objects\Maze\Player.cpp(234,23): warning C4244: '인수': 'float'에서 'const unsigned __int64'(으)로 변환하면서 데이터가 손실될 수 있습니다.
  (소스 파일 '/Objects/Maze/Player.cpp'을(를) 컴파일하는 중)
  
D:\YeonSungRok\SGA서울게임아카데미\2024_5_30_Unreal_YSR\SGA_0701\WINAPI_Algorithm\WINAPI_Algorithm\Objects\Maze\Player.cpp(234,33): warning C4244: '인수': 'float'에서 'const unsigned __int64'(으)로 변환하면서 데이터가 손실될 수 있습니다.
  (소스 파일 '/Objects/Maze/Player.cpp'을(를) 컴파일하는 중)
  
  WINAPI_Algorithm.vcxproj -> D:\YeonSungRok\SGA서울게임아카데미\2024_5_30_Unreal_YSR\SGA_0701\WINAPI_Algorithm\x64\Debug\WINAPI_Algorithm.exe
